<?xml version="1.0" encoding="UTF-8"?>
<testng-results ignored="0" total="2" passed="2" failed="0" skipped="0">
  <reporter-output>
  </reporter-output>
  <suite started-at="2022-02-07T16:37:53 IST" name="Default suite" finished-at="2022-02-07T16:37:55 IST" duration-ms="2387">
    <groups>
    </groups>
    <test started-at="2022-02-07T16:37:53 IST" name="Default test" finished-at="2022-02-07T16:37:55 IST" duration-ms="2387">
      <class name="testScripts.PutRequestSample">
        <test-method signature="deleteUser()[pri:0, instance:testScripts.PutRequestSample@769e7ee8]" started-at="2022-02-07T16:37:53 IST" name="deleteUser" finished-at="2022-02-07T16:37:54 IST" duration-ms="1772" status="PASS">
          <reporter-output>
          </reporter-output>
        </test-method> <!-- deleteUser -->
        <test-method signature="updateUser()[pri:0, instance:testScripts.PutRequestSample@769e7ee8]" started-at="2022-02-07T16:37:54 IST" name="updateUser" finished-at="2022-02-07T16:37:55 IST" duration-ms="587" status="PASS">
          <reporter-output>
          </reporter-output>
        </test-method> <!-- updateUser -->
      </class> <!-- testScripts.PutRequestSample -->
    </test> <!-- Default test -->
  </suite> <!-- Default suite -->
</testng-results>
